// 同步 ID: a0d3774f @ Sat Jun 27 16:57:09 UTC 2026
// 同步 ID: 4146e4a7 @ Sat Jun 27 19:03:13 UTC 2026
// 同步 ID: 5221bdf3 @ Sun Jun 28 10:50:51 UTC 2026
// 同步 ID: 09d0fe8b @ Sun Jun 28 14:20:47 UTC 2026
// 同步 ID: 5c85a56f @ Sun Jun 28 23:45:22 UTC 2026
// 重构日志: 56552425
// 同步 ID: de7aee83 @ Tue Jun 30 18:11:09 UTC 2026
// 重构日志: 68c5302e
// 同步 ID: f3c003b5 @ Wed Jul  1 17:08:59 UTC 2026
// 重构日志: 42e41ca6
// 重构日志: e2900d51
// 重构日志: acffee68
// 重构日志: 57594261
// 重构日志: 85c2a543
// 同步 ID: ea7bbe62 @ Fri Jul  3 05:50:44 UTC 2026
// 重构日志: fdcbfa29
// 重构日志: 04a03b5b
// 重构日志: b0cfda87
// 同步 ID: 51452c63 @ Sat Jul  4 01:04:24 UTC 2026
// 重构日志: 059e7b08
// 同步 ID: bd7804be @ Sun Jul  5 13:20:05 UTC 2026
// 重构日志: 54bb9a15
// 重构日志: 0656c47f
// 同步 ID: 74284af2 @ Tue Jul  7 12:44:29 UTC 2026
// 重构日志: b69ace92
// 同步 ID: 25fba021 @ Tue Jul  7 23:58:42 UTC 2026
// 重构日志: ea672568
// 同步 ID: 9f474caa @ Wed Jul  8 13:19:52 UTC 2026
// 重构日志: 5f5568ce
// 同步 ID: c0baea6e @ Thu Jul  9 11:58:06 UTC 2026
